{"level":"info","message":"🚀 TrendyX AI Level 5 Enterprise Enhanced Server started on port 3000","timestamp":"2025-07-09T23:21:31.751Z"}
{"level":"info","message":"🌐 Dashboard: http://localhost:3000","timestamp":"2025-07-09T23:21:31.756Z"}
{"level":"info","message":"🔬 Quantum Computing Engine: Ready","timestamp":"2025-07-09T23:21:31.756Z"}
{"level":"info","message":"🧠 Neural Network Orchestrator: Ready","timestamp":"2025-07-09T23:21:31.757Z"}
{"level":"info","message":"📊 Predictive Analytics Engine: Ready","timestamp":"2025-07-09T23:21:31.757Z"}
{"level":"info","message":"🔧 Self-Healing Systems: Active","timestamp":"2025-07-09T23:21:31.759Z"}
{"level":"info","message":"📡 WebSocket Server: Running","timestamp":"2025-07-09T23:21:31.760Z"}
{"level":"info","message":"🛡️ Security Middleware: Enabled","timestamp":"2025-07-09T23:21:31.761Z"}
{"level":"info","message":"⚡ Performance Optimization: Active","timestamp":"2025-07-09T23:21:31.762Z"}
{"level":"info","message":"🔐 Authentication System: Enabled","timestamp":"2025-07-09T23:21:31.763Z"}
{"level":"info","message":"🧠 AI Brain fully operational - Ready for Railway deployment!","timestamp":"2025-07-09T23:21:31.764Z"}
{"level":"info","message":"Health check performed.","timestamp":"2025-07-09T23:21:53.179Z"}
{"level":"info","message":"Self-healing action #1: System optimized.","timestamp":"2025-07-09T23:22:01.761Z"}
{"level":"info","message":"Health check performed.","timestamp":"2025-07-09T23:22:17.641Z"}
{"level":"info","message":"Self-healing action #2: System optimized.","timestamp":"2025-07-09T23:22:31.769Z"}
{"level":"info","message":"Self-healing action #3: System optimized.","timestamp":"2025-07-09T23:23:01.769Z"}
{"level":"info","message":"Self-healing action #4: System optimized.","timestamp":"2025-07-09T23:23:31.778Z"}
{"level":"info","message":"Self-healing action #5: System optimized.","timestamp":"2025-07-09T23:24:01.792Z"}
{"level":"info","message":"Self-healing action #6: System optimized.","timestamp":"2025-07-09T23:24:31.801Z"}
{"level":"info","message":"Self-healing action #7: System optimized.","timestamp":"2025-07-09T23:25:01.811Z"}
{"level":"info","message":"Self-healing action #8: System optimized.","timestamp":"2025-07-09T23:25:31.824Z"}
{"level":"info","message":"Self-healing action #9: System optimized.","timestamp":"2025-07-09T23:26:01.829Z"}
{"level":"info","message":"Self-healing action #10: System optimized.","timestamp":"2025-07-09T23:26:31.846Z"}
{"level":"info","message":"Self-healing action #11: System optimized.","timestamp":"2025-07-09T23:27:01.849Z"}
{"level":"info","message":"Self-healing action #12: System optimized.","timestamp":"2025-07-09T23:27:31.864Z"}
{"level":"info","message":"Self-healing action #13: System optimized.","timestamp":"2025-07-09T23:28:01.872Z"}
{"level":"info","message":"Self-healing action #14: System optimized.","timestamp":"2025-07-09T23:28:31.876Z"}
{"level":"info","message":"Self-healing action #15: System optimized.","timestamp":"2025-07-09T23:29:01.885Z"}
{"level":"info","message":"Self-healing action #16: System optimized.","timestamp":"2025-07-09T23:29:31.900Z"}
{"level":"info","message":"Self-healing action #17: System optimized.","timestamp":"2025-07-09T23:30:01.911Z"}
{"level":"info","message":"Self-healing action #18: System optimized.","timestamp":"2025-07-09T23:30:31.923Z"}
{"level":"info","message":"Self-healing action #19: System optimized.","timestamp":"2025-07-09T23:31:01.934Z"}
{"level":"info","message":"Self-healing action #20: System optimized.","timestamp":"2025-07-09T23:31:31.939Z"}
{"level":"info","message":"Self-healing action #21: System optimized.","timestamp":"2025-07-09T23:32:01.948Z"}
{"level":"info","message":"Self-healing action #22: System optimized.","timestamp":"2025-07-09T23:32:31.951Z"}
{"level":"info","message":"Self-healing action #23: System optimized.","timestamp":"2025-07-09T23:33:01.964Z"}
{"level":"info","message":"Self-healing action #24: System optimized.","timestamp":"2025-07-09T23:33:31.973Z"}
{"level":"info","message":"Self-healing action #25: System optimized.","timestamp":"2025-07-09T23:34:01.974Z"}
{"level":"info","message":"Self-healing action #26: System optimized.","timestamp":"2025-07-09T23:34:31.977Z"}
{"level":"info","message":"Self-healing action #27: System optimized.","timestamp":"2025-07-09T23:35:01.981Z"}
